[2021/11/05 13:37:34] dist/extensions/client.js:85:28 -> Registering events...
[2021/11/05 13:37:34] dist/extensions/client.js:87:28 -> Successfully registered 3 events!
[2021/11/05 13:37:34] dist/extensions/client.js:88:28 -> Loading client...
[2021/11/05 13:37:35] dist/extensions/client.js:90:28 -> Logged in as Beta Parrot#4191!
[2021/11/05 13:37:35] dist/extensions/client.js:91:28 -> Connecting to the database...
[2021/11/05 13:37:36] dist/extensions/client.js:93:28 -> Database connected!
[2021/11/05 13:37:36] dist/extensions/client.js:94:28 -> Registering commands...
[2021/11/05 13:37:36] dist/extensions/client.js:96:28 -> Successfully registered 16 commands!
[2021/11/05 13:37:36] dist/extensions/client.js:97:28 -> Loading spotify api...
[2021/11/05 13:37:36] dist/extensions/client.js:104:28 -> Spotify api loaded!
[2021/11/05 13:37:36] dist/extensions/client.js:105:28 -> Starting api...
[2021/11/05 13:37:36] dist/extensions/client.js:107:28 -> Api is listening to port: 8080
[2021/11/05 13:37:36] dist/index.js:24:26 -> Client is ready!
[2021/11/05 14:31:26] dist/extensions/client.js:85:28 -> Registering events...
[2021/11/05 14:31:26] dist/extensions/client.js:87:28 -> Successfully registered 3 events!
[2021/11/05 14:31:26] dist/extensions/client.js:88:28 -> Loading client...
[2021/11/05 14:31:27] dist/extensions/client.js:90:28 -> Logged in as Beta Parrot#4191!
[2021/11/05 14:31:27] dist/extensions/client.js:91:28 -> Connecting to the database...
[2021/11/05 14:31:28] dist/extensions/client.js:93:28 -> Database connected!
[2021/11/05 14:31:28] dist/extensions/client.js:94:28 -> Registering commands...
[2021/11/05 14:31:28] dist/extensions/client.js:96:28 -> Successfully registered 17 commands!
[2021/11/05 14:31:28] dist/extensions/client.js:97:28 -> Loading spotify api...
[2021/11/05 14:31:28] dist/extensions/client.js:104:28 -> Spotify api loaded!
[2021/11/05 14:31:28] dist/extensions/client.js:105:28 -> Starting api...
[2021/11/05 14:31:28] dist/extensions/client.js:107:28 -> Api is listening to port: 8080
[2021/11/05 14:31:28] dist/index.js:24:26 -> Client is ready!
[2021/11/05 14:49:05] dist/extensions/client.js:85:28 -> Registering events...
[2021/11/05 14:49:05] dist/extensions/client.js:87:28 -> Successfully registered 3 events!
[2021/11/05 14:49:05] dist/extensions/client.js:88:28 -> Loading client...
[2021/11/05 14:49:06] dist/extensions/client.js:90:28 -> Logged in as Beta Parrot#4191!
[2021/11/05 14:49:06] dist/extensions/client.js:91:28 -> Connecting to the database...
[2021/11/05 14:49:07] dist/extensions/client.js:93:28 -> Database connected!
[2021/11/05 14:49:07] dist/extensions/client.js:94:28 -> Registering commands...
[2021/11/05 14:49:07] dist/extensions/client.js:96:28 -> Successfully registered 17 commands!
[2021/11/05 14:49:07] dist/extensions/client.js:97:28 -> Loading spotify api...
[2021/11/05 14:49:07] dist/extensions/client.js:104:28 -> Spotify api loaded!
[2021/11/05 14:49:07] dist/extensions/client.js:105:28 -> Starting api...
[2021/11/05 14:49:07] dist/extensions/client.js:107:28 -> Api is listening to port: 8080
[2021/11/05 14:49:07] dist/index.js:24:26 -> Client is ready!
[2021/11/05 16:19:21] dist/extensions/client.js:85:28 -> Registering events...
[2021/11/05 16:19:21] dist/extensions/client.js:87:28 -> Successfully registered 3 events!
[2021/11/05 16:19:21] dist/extensions/client.js:88:28 -> Loading client...
[2021/11/05 16:19:22] dist/extensions/client.js:90:28 -> Logged in as Beta Parrot#4191!
[2021/11/05 16:19:22] dist/extensions/client.js:91:28 -> Connecting to the database...
[2021/11/05 16:19:23] dist/extensions/client.js:93:28 -> Database connected!
[2021/11/05 16:19:23] dist/extensions/client.js:94:28 -> Registering commands...
[2021/11/05 16:19:23] dist/extensions/client.js:96:28 -> Successfully registered 17 commands!
[2021/11/05 16:19:23] dist/extensions/client.js:97:28 -> Loading spotify api...
[2021/11/05 16:19:23] dist/extensions/client.js:104:28 -> Spotify api loaded!
[2021/11/05 16:19:23] dist/extensions/client.js:105:28 -> Starting api...
[2021/11/05 16:19:23] dist/extensions/client.js:107:28 -> Api is listening to port: 8080
[2021/11/05 16:19:23] dist/index.js:24:26 -> Client is ready!
[2021/11/05 16:19:52] dist/commands/music/saved-command.js:164:30 -> Error: Status code: 403
[2021/11/05 16:19:53] dist/commands/music/saved-command.js:164:30 -> Error: Cannot play a resource that has already ended.
[2021/11/05 17:01:29] dist/extensions/client.js:85:28 -> Registering events...
[2021/11/05 17:01:29] dist/extensions/client.js:87:28 -> Successfully registered 3 events!
[2021/11/05 17:01:29] dist/extensions/client.js:88:28 -> Loading client...
[2021/11/05 17:01:30] dist/extensions/client.js:90:28 -> Logged in as Beta Parrot#4191!
[2021/11/05 17:01:30] dist/extensions/client.js:91:28 -> Connecting to the database...
[2021/11/05 17:01:30] dist/extensions/client.js:93:28 -> Database connected!
[2021/11/05 17:01:30] dist/extensions/client.js:94:28 -> Registering commands...
[2021/11/05 17:01:31] dist/extensions/client.js:96:28 -> Successfully registered 20 commands!
[2021/11/05 17:01:31] dist/extensions/client.js:97:28 -> Loading spotify api...
[2021/11/05 17:01:31] dist/extensions/client.js:104:28 -> Spotify api loaded!
[2021/11/05 17:01:31] dist/extensions/client.js:105:28 -> Starting api...
[2021/11/05 17:01:31] dist/extensions/client.js:107:28 -> Api is listening to port: 8080
[2021/11/05 17:01:31] dist/index.js:24:26 -> Client is ready!
[2021/11/05 17:02:07] dist/commands/music/play-command.js:100:32 -> Error: Status code: 403
[2021/11/05 17:02:07] dist/commands/music/play-command.js:100:32 -> Error: Status code: 403
[2021/11/05 17:05:19] dist/extensions/client.js:85:28 -> Registering events...
[2021/11/05 17:05:19] dist/extensions/client.js:87:28 -> Successfully registered 3 events!
[2021/11/05 17:05:19] dist/extensions/client.js:88:28 -> Loading client...
[2021/11/05 17:05:20] dist/extensions/client.js:90:28 -> Logged in as Beta Parrot#4191!
[2021/11/05 17:05:20] dist/extensions/client.js:91:28 -> Connecting to the database...
[2021/11/05 17:05:20] dist/extensions/client.js:93:28 -> Database connected!
[2021/11/05 17:05:20] dist/extensions/client.js:94:28 -> Registering commands...
[2021/11/05 17:05:21] dist/extensions/client.js:96:28 -> Successfully registered 20 commands!
[2021/11/05 17:05:21] dist/extensions/client.js:97:28 -> Loading spotify api...
[2021/11/05 17:05:21] dist/extensions/client.js:104:28 -> Spotify api loaded!
[2021/11/05 17:05:21] dist/extensions/client.js:105:28 -> Starting api...
[2021/11/05 17:05:21] dist/extensions/client.js:107:28 -> Api is listening to port: 8080
[2021/11/05 17:05:21] dist/index.js:24:26 -> Client is ready!
